This file contains any messages produced by compilers while
running configure, to aid debugging if configure makes a mistake.

It was created by configure, which was
generated by GNU Autoconf 2.69.  Invocation command line was

  $ ./configure --enable-maintainer-mode

## --------- ##
## Platform. ##
## --------- ##

hostname = naderjardak-VirtualBox
uname -m = x86_64
uname -r = 5.4.0-90-generic
uname -s = Linux
uname -v = #101~18.04.1-Ubuntu SMP Fri Oct 22 09:25:04 UTC 2021

/usr/bin/uname -p = unknown
/bin/uname -X     = unknown

/bin/arch              = unknown
/usr/bin/arch -k       = unknown
/usr/convex/getsysinfo = unknown
/usr/bin/hostinfo      = unknown
/bin/machine           = unknown
/usr/bin/oslevel       = unknown
/bin/universe          = unknown

PATH: /usr/local/sbin
PATH: /usr/local/bin
PATH: /usr/sbin
PATH: /usr/bin
PATH: /sbin
PATH: /bin
PATH: /usr/games
PATH: /usr/local/games
PATH: /snap/bin


## ----------- ##
## Core tests. ##
## ----------- ##

configure:2235: checking for a BSD-compatible install
configure:2303: result: /usr/bin/install -c
configure:2314: checking whether build environment is sane
configure:2369: result: yes
configure:2520: checking for a thread-safe mkdir -p
configure:2559: result: /bin/mkdir -p
configure:2566: checking for gawk
configure:2596: result: no
configure:2566: checking for mawk
configure:2582: found /usr/bin/mawk
configure:2593: result: mawk
configure:2604: checking whether make sets $(MAKE)
configure:2626: result: yes
configure:2655: checking whether make supports nested variables
configure:2672: result: yes
configure:2802: checking whether to enable maintainer-specific portions of Makefiles
configure:2811: result: yes
configure:2837: checking for style of include used by make
configure:2865: result: GNU
configure:2936: checking for gcc
configure:2952: found /usr/bin/gcc
configure:2963: result: gcc
configure:3192: checking for C compiler version
configure:3201: gcc --version >&5
gcc (Ubuntu 7.5.0-3ubuntu1~18.04) 7.5.0
Copyright (C) 2017 Free Software Foundation, Inc.
This is free software; see the source for copying conditions.  There is NO
warranty; not even for MERCHANTABILITY or FITNESS FOR A PARTICULAR PURPOSE.

configure:3212: $? = 0
configure:3201: gcc -v >&5
Using built-in specs.
COLLECT_GCC=gcc
COLLECT_LTO_WRAPPER=/usr/lib/gcc/x86_64-linux-gnu/7/lto-wrapper
OFFLOAD_TARGET_NAMES=nvptx-none
OFFLOAD_TARGET_DEFAULT=1
Target: x86_64-linux-gnu
Configured with: ../src/configure -v --with-pkgversion='Ubuntu 7.5.0-3ubuntu1~18.04' --with-bugurl=file:///usr/share/doc/gcc-7/README.Bugs --enable-languages=c,ada,c++,go,brig,d,fortran,objc,obj-c++ --prefix=/usr --with-gcc-major-version-only --program-suffix=-7 --program-prefix=x86_64-linux-gnu- --enable-shared --enable-linker-build-id --libexecdir=/usr/lib --without-included-gettext --enable-threads=posix --libdir=/usr/lib --enable-nls --enable-bootstrap --enable-clocale=gnu --enable-libstdcxx-debug --enable-libstdcxx-time=yes --with-default-libstdcxx-abi=new --enable-gnu-unique-object --disable-vtable-verify --enable-libmpx --enable-plugin --enable-default-pie --with-system-zlib --with-target-system-zlib --enable-objc-gc=auto --enable-multiarch --disable-werror --with-arch-32=i686 --with-abi=m64 --with-multilib-list=m32,m64,mx32 --enable-multilib --with-tune=generic --enable-offload-targets=nvptx-none --without-cuda-driver --enable-checking=release --build=x86_64-linux-gnu --host=x86_64-linux-gnu --target=x86_64-linux-gnu
Thread model: posix
gcc version 7.5.0 (Ubuntu 7.5.0-3ubuntu1~18.04) 
configure:3212: $? = 0
configure:3201: gcc -V >&5
gcc: error: unrecognized command line option '-V'
gcc: fatal error: no input files
compilation terminated.
configure:3212: $? = 1
configure:3201: gcc -qversion >&5
gcc: error: unrecognized command line option '-qversion'; did you mean '--version'?
gcc: fatal error: no input files
compilation terminated.
configure:3212: $? = 1
configure:3232: checking whether the C compiler works
configure:3254: gcc    conftest.c  >&5
configure:3258: $? = 0
configure:3306: result: yes
configure:3309: checking for C compiler default output file name
configure:3311: result: a.out
configure:3317: checking for suffix of executables
configure:3324: gcc -o conftest    conftest.c  >&5
configure:3328: $? = 0
configure:3350: result: 
configure:3372: checking whether we are cross compiling
configure:3380: gcc -o conftest    conftest.c  >&5
configure:3384: $? = 0
configure:3391: ./conftest
configure:3395: $? = 0
configure:3410: result: no
configure:3415: checking for suffix of object files
configure:3437: gcc -c   conftest.c >&5
configure:3441: $? = 0
configure:3462: result: o
configure:3466: checking whether we are using the GNU C compiler
configure:3485: gcc -c   conftest.c >&5
configure:3485: $? = 0
configure:3494: result: yes
configure:3503: checking whether gcc accepts -g
configure:3523: gcc -c -g  conftest.c >&5
configure:3523: $? = 0
configure:3564: result: yes
configure:3581: checking for gcc option to accept ISO C89
configure:3644: gcc  -c -g -O2  conftest.c >&5
configure:3644: $? = 0
configure:3657: result: none needed
configure:3682: checking whether gcc understands -c and -o together
configure:3704: gcc -c conftest.c -o conftest2.o
configure:3707: $? = 0
configure:3704: gcc -c conftest.c -o conftest2.o
configure:3707: $? = 0
configure:3719: result: yes
configure:3738: checking dependency style of gcc
configure:3849: result: gcc3
configure:3865: checking for library containing strerror
configure:3896: gcc -o conftest -g -O2   conftest.c  >&5
configure:3896: $? = 0
configure:3913: result: none required
configure:3969: checking for gcc
configure:3996: result: gcc
configure:4225: checking for C compiler version
configure:4234: gcc --version >&5
gcc (Ubuntu 7.5.0-3ubuntu1~18.04) 7.5.0
Copyright (C) 2017 Free Software Foundation, Inc.
This is free software; see the source for copying conditions.  There is NO
warranty; not even for MERCHANTABILITY or FITNESS FOR A PARTICULAR PURPOSE.

configure:4245: $? = 0
configure:4234: gcc -v >&5
Using built-in specs.
COLLECT_GCC=gcc
COLLECT_LTO_WRAPPER=/usr/lib/gcc/x86_64-linux-gnu/7/lto-wrapper
OFFLOAD_TARGET_NAMES=nvptx-none
OFFLOAD_TARGET_DEFAULT=1
Target: x86_64-linux-gnu
Configured with: ../src/configure -v --with-pkgversion='Ubuntu 7.5.0-3ubuntu1~18.04' --with-bugurl=file:///usr/share/doc/gcc-7/README.Bugs --enable-languages=c,ada,c++,go,brig,d,fortran,objc,obj-c++ --prefix=/usr --with-gcc-major-version-only --program-suffix=-7 --program-prefix=x86_64-linux-gnu- --enable-shared --enable-linker-build-id --libexecdir=/usr/lib --without-included-gettext --enable-threads=posix --libdir=/usr/lib --enable-nls --enable-bootstrap --enable-clocale=gnu --enable-libstdcxx-debug --enable-libstdcxx-time=yes --with-default-libstdcxx-abi=new --enable-gnu-unique-object --disable-vtable-verify --enable-libmpx --enable-plugin --enable-default-pie --with-system-zlib --with-target-system-zlib --enable-objc-gc=auto --enable-multiarch --disable-werror --with-arch-32=i686 --with-abi=m64 --with-multilib-list=m32,m64,mx32 --enable-multilib --with-tune=generic --enable-offload-targets=nvptx-none --without-cuda-driver --enable-checking=release --build=x86_64-linux-gnu --host=x86_64-linux-gnu --target=x86_64-linux-gnu
Thread model: posix
gcc version 7.5.0 (Ubuntu 7.5.0-3ubuntu1~18.04) 
configure:4245: $? = 0
configure:4234: gcc -V >&5
gcc: error: unrecognized command line option '-V'
gcc: fatal error: no input files
compilation terminated.
configure:4245: $? = 1
configure:4234: gcc -qversion >&5
gcc: error: unrecognized command line option '-qversion'; did you mean '--version'?
gcc: fatal error: no input files
compilation terminated.
configure:4245: $? = 1
configure:4249: checking whether we are using the GNU C compiler
configure:4277: result: yes
configure:4286: checking whether gcc accepts -g
configure:4347: result: yes
configure:4364: checking for gcc option to accept ISO C89
configure:4440: result: none needed
configure:4465: checking whether gcc understands -c and -o together
configure:4502: result: yes
configure:4521: checking dependency style of gcc
configure:4632: result: gcc3
configure:4695: checking for gcc
configure:4722: result: gcc
configure:4951: checking for C compiler version
configure:4960: gcc --version >&5
gcc (Ubuntu 7.5.0-3ubuntu1~18.04) 7.5.0
Copyright (C) 2017 Free Software Foundation, Inc.
This is free software; see the source for copying conditions.  There is NO
warranty; not even for MERCHANTABILITY or FITNESS FOR A PARTICULAR PURPOSE.

configure:4971: $? = 0
configure:4960: gcc -v >&5
Using built-in specs.
COLLECT_GCC=gcc
COLLECT_LTO_WRAPPER=/usr/lib/gcc/x86_64-linux-gnu/7/lto-wrapper
OFFLOAD_TARGET_NAMES=nvptx-none
OFFLOAD_TARGET_DEFAULT=1
Target: x86_64-linux-gnu
Configured with: ../src/configure -v --with-pkgversion='Ubuntu 7.5.0-3ubuntu1~18.04' --with-bugurl=file:///usr/share/doc/gcc-7/README.Bugs --enable-languages=c,ada,c++,go,brig,d,fortran,objc,obj-c++ --prefix=/usr --with-gcc-major-version-only --program-suffix=-7 --program-prefix=x86_64-linux-gnu- --enable-shared --enable-linker-build-id --libexecdir=/usr/lib --without-included-gettext --enable-threads=posix --libdir=/usr/lib --enable-nls --enable-bootstrap --enable-clocale=gnu --enable-libstdcxx-debug --enable-libstdcxx-time=yes --with-default-libstdcxx-abi=new --enable-gnu-unique-object --disable-vtable-verify --enable-libmpx --enable-plugin --enable-default-pie --with-system-zlib --with-target-system-zlib --enable-objc-gc=auto --enable-multiarch --disable-werror --with-arch-32=i686 --with-abi=m64 --with-multilib-list=m32,m64,mx32 --enable-multilib --with-tune=generic --enable-offload-targets=nvptx-none --without-cuda-driver --enable-checking=release --build=x86_64-linux-gnu --host=x86_64-linux-gnu --target=x86_64-linux-gnu
Thread model: posix
gcc version 7.5.0 (Ubuntu 7.5.0-3ubuntu1~18.04) 
configure:4971: $? = 0
configure:4960: gcc -V >&5
gcc: error: unrecognized command line option '-V'
gcc: fatal error: no input files
compilation terminated.
configure:4971: $? = 1
configure:4960: gcc -qversion >&5
gcc: error: unrecognized command line option '-qversion'; did you mean '--version'?
gcc: fatal error: no input files
compilation terminated.
configure:4971: $? = 1
configure:4975: checking whether we are using the GNU C compiler
configure:5003: result: yes
configure:5012: checking whether gcc accepts -g
configure:5073: result: yes
configure:5090: checking for gcc option to accept ISO C89
configure:5166: result: none needed
configure:5191: checking whether gcc understands -c and -o together
configure:5228: result: yes
configure:5247: checking dependency style of gcc
configure:5358: result: gcc3
configure:5380: checking how to run the C preprocessor
configure:5411: gcc -E  conftest.c
configure:5411: $? = 0
configure:5425: gcc -E  conftest.c
conftest.c:11:10: fatal error: ac_nonexistent.h: No such file or directory
 #include <ac_nonexistent.h>
          ^~~~~~~~~~~~~~~~~~
compilation terminated.
configure:5425: $? = 1
configure: failed program was:
| /* confdefs.h */
| #define PACKAGE_NAME ""
| #define PACKAGE_TARNAME ""
| #define PACKAGE_VERSION ""
| #define PACKAGE_STRING ""
| #define PACKAGE_BUGREPORT ""
| #define PACKAGE_URL ""
| #define PACKAGE "glade"
| #define VERSION "0.1"
| /* end confdefs.h.  */
| #include <ac_nonexistent.h>
configure:5450: result: gcc -E
configure:5470: gcc -E  conftest.c
configure:5470: $? = 0
configure:5484: gcc -E  conftest.c
conftest.c:11:10: fatal error: ac_nonexistent.h: No such file or directory
 #include <ac_nonexistent.h>
          ^~~~~~~~~~~~~~~~~~
compilation terminated.
configure:5484: $? = 1
configure: failed program was:
| /* confdefs.h */
| #define PACKAGE_NAME ""
| #define PACKAGE_TARNAME ""
| #define PACKAGE_VERSION ""
| #define PACKAGE_STRING ""
| #define PACKAGE_BUGREPORT ""
| #define PACKAGE_URL ""
| #define PACKAGE "glade"
| #define VERSION "0.1"
| /* end confdefs.h.  */
| #include <ac_nonexistent.h>
configure:5513: checking for grep that handles long lines and -e
configure:5571: result: /bin/grep
configure:5576: checking for egrep
configure:5638: result: /bin/grep -E
configure:5643: checking for ANSI C header files
configure:5663: gcc -c -g -O2  conftest.c >&5
configure:5663: $? = 0
configure:5736: gcc -o conftest -g -O2   conftest.c  >&5
configure:5736: $? = 0
configure:5736: ./conftest
configure:5736: $? = 0
configure:5747: result: yes
configure:5811: checking for pkg-config
configure:5829: found /usr/bin/pkg-config
configure:5841: result: /usr/bin/pkg-config
configure:5866: checking pkg-config is at least version 0.9.0
configure:5869: result: yes
configure:5879: checking for PACKAGE
configure:5886: $PKG_CONFIG --exists --print-errors "$pkg_modules"
configure:5889: $? = 0
configure:5903: $PKG_CONFIG --exists --print-errors "$pkg_modules"
configure:5906: $? = 0
configure:5964: result: yes
configure:5985: checking for sys/types.h
configure:5985: gcc -c -g -O2  conftest.c >&5
configure:5985: $? = 0
configure:5985: result: yes
configure:5985: checking for sys/stat.h
configure:5985: gcc -c -g -O2  conftest.c >&5
configure:5985: $? = 0
configure:5985: result: yes
configure:5985: checking for stdlib.h
configure:5985: gcc -c -g -O2  conftest.c >&5
configure:5985: $? = 0
configure:5985: result: yes
configure:5985: checking for string.h
configure:5985: gcc -c -g -O2  conftest.c >&5
configure:5985: $? = 0
configure:5985: result: yes
configure:5985: checking for memory.h
configure:5985: gcc -c -g -O2  conftest.c >&5
configure:5985: $? = 0
configure:5985: result: yes
configure:5985: checking for strings.h
configure:5985: gcc -c -g -O2  conftest.c >&5
configure:5985: $? = 0
configure:5985: result: yes
configure:5985: checking for inttypes.h
configure:5985: gcc -c -g -O2  conftest.c >&5
configure:5985: $? = 0
configure:5985: result: yes
configure:5985: checking for stdint.h
configure:5985: gcc -c -g -O2  conftest.c >&5
configure:5985: $? = 0
configure:5985: result: yes
configure:5985: checking for unistd.h
configure:5985: gcc -c -g -O2  conftest.c >&5
configure:5985: $? = 0
configure:5985: result: yes
configure:6000: checking locale.h usability
configure:6000: gcc -c -g -O2  conftest.c >&5
configure:6000: $? = 0
configure:6000: result: yes
configure:6000: checking locale.h presence
configure:6000: gcc -E  conftest.c
configure:6000: $? = 0
configure:6000: result: yes
configure:6000: checking for locale.h
configure:6000: result: yes
configure:6011: checking for LC_MESSAGES
configure:6027: gcc -o conftest -g -O2   conftest.c  >&5
configure:6027: $? = 0
configure:6035: result: yes
configure:6053: checking for CFPreferencesCopyAppValue
configure:6071: gcc -o conftest -g -O2   conftest.c  -Wl,-framework -Wl,CoreFoundation >&5
conftest.c:24:10: fatal error: CoreFoundation/CFPreferences.h: No such file or directory
 #include <CoreFoundation/CFPreferences.h>
          ^~~~~~~~~~~~~~~~~~~~~~~~~~~~~~~~
compilation terminated.
configure:6071: $? = 1
configure: failed program was:
| /* confdefs.h */
| #define PACKAGE_NAME ""
| #define PACKAGE_TARNAME ""
| #define PACKAGE_VERSION ""
| #define PACKAGE_STRING ""
| #define PACKAGE_BUGREPORT ""
| #define PACKAGE_URL ""
| #define PACKAGE "glade"
| #define VERSION "0.1"
| #define STDC_HEADERS 1
| #define GETTEXT_PACKAGE "glade"
| #define HAVE_SYS_TYPES_H 1
| #define HAVE_SYS_STAT_H 1
| #define HAVE_STDLIB_H 1
| #define HAVE_STRING_H 1
| #define HAVE_MEMORY_H 1
| #define HAVE_STRINGS_H 1
| #define HAVE_INTTYPES_H 1
| #define HAVE_STDINT_H 1
| #define HAVE_UNISTD_H 1
| #define HAVE_LOCALE_H 1
| #define HAVE_LC_MESSAGES 1
| /* end confdefs.h.  */
| #include <CoreFoundation/CFPreferences.h>
| int
| main ()
| {
| CFPreferencesCopyAppValue(NULL, NULL)
|   ;
|   return 0;
| }
configure:6080: result: no
configure:6087: checking for CFLocaleCopyCurrent
configure:6105: gcc -o conftest -g -O2   conftest.c  -Wl,-framework -Wl,CoreFoundation >&5
conftest.c:24:10: fatal error: CoreFoundation/CFLocale.h: No such file or directory
 #include <CoreFoundation/CFLocale.h>
          ^~~~~~~~~~~~~~~~~~~~~~~~~~~
compilation terminated.
configure:6105: $? = 1
configure: failed program was:
| /* confdefs.h */
| #define PACKAGE_NAME ""
| #define PACKAGE_TARNAME ""
| #define PACKAGE_VERSION ""
| #define PACKAGE_STRING ""
| #define PACKAGE_BUGREPORT ""
| #define PACKAGE_URL ""
| #define PACKAGE "glade"
| #define VERSION "0.1"
| #define STDC_HEADERS 1
| #define GETTEXT_PACKAGE "glade"
| #define HAVE_SYS_TYPES_H 1
| #define HAVE_SYS_STAT_H 1
| #define HAVE_STDLIB_H 1
| #define HAVE_STRING_H 1
| #define HAVE_MEMORY_H 1
| #define HAVE_STRINGS_H 1
| #define HAVE_INTTYPES_H 1
| #define HAVE_STDINT_H 1
| #define HAVE_UNISTD_H 1
| #define HAVE_LOCALE_H 1
| #define HAVE_LC_MESSAGES 1
| /* end confdefs.h.  */
| #include <CoreFoundation/CFLocale.h>
| int
| main ()
| {
| CFLocaleCopyCurrent();
|   ;
|   return 0;
| }
configure:6114: result: no
configure:6128: checking libintl.h usability
configure:6128: gcc -c -g -O2  conftest.c >&5
configure:6128: $? = 0
configure:6128: result: yes
configure:6128: checking libintl.h presence
configure:6128: gcc -E  conftest.c
configure:6128: $? = 0
configure:6128: result: yes
configure:6128: checking for libintl.h
configure:6128: result: yes
configure:6136: checking for ngettext in libc
configure:6154: gcc -o conftest -g -O2   conftest.c  >&5
configure:6154: $? = 0
configure:6163: result: yes
configure:6167: checking for dgettext in libc
configure:6185: gcc -o conftest -g -O2   conftest.c  >&5
configure:6185: $? = 0
configure:6194: result: yes
configure:6201: checking for bind_textdomain_codeset
configure:6201: gcc -o conftest -g -O2   conftest.c  >&5
configure:6201: $? = 0
configure:6201: result: yes
configure:6477: checking for msgfmt
configure:6504: result: /usr/bin/msgfmt
configure:6515: checking for dcgettext
configure:6515: gcc -o conftest -g -O2   conftest.c   >&5
conftest.c:49:6: warning: conflicting types for built-in function 'dcgettext' [-Wbuiltin-declaration-mismatch]
 char dcgettext ();
      ^~~~~~~~~
configure:6515: $? = 0
configure:6515: result: yes
configure:6525: checking if msgfmt accepts -c
configure:6540: $MSGFMT -c -o /dev/null conftest.foo
conftest.foo:3: warning: header field 'Language' missing in header
configure:6543: $? = 0
configure:6545: result: yes
configure:6555: checking for gmsgfmt
configure:6586: result: /usr/bin/msgfmt
configure:6596: checking for xgettext
configure:6623: result: /usr/bin/xgettext
configure:6642: gcc -o conftest -g -O2   conftest.c   >&5
configure:6642: $? = 0
configure:6892: checking that generated files are newer than configure
configure:6898: result: done
configure:6933: creating ./config.status

## ---------------------- ##
## Running config.status. ##
## ---------------------- ##

This file was extended by config.status, which was
generated by GNU Autoconf 2.69.  Invocation command line was

  CONFIG_FILES    = 
  CONFIG_HEADERS  = 
  CONFIG_LINKS    = 
  CONFIG_COMMANDS = 
  $ ./config.status 

on naderjardak-VirtualBox

config.status:894: creating Makefile
config.status:894: creating src/Makefile
config.status:894: creating po/Makefile.in
config.status:894: creating config.h
config.status:1075: config.h is unchanged
config.status:1123: executing depfiles commands
config.status:1123: executing default-1 commands

## ---------------- ##
## Cache variables. ##
## ---------------- ##

ac_cv_c_compiler_gnu=yes
ac_cv_env_CC_set=
ac_cv_env_CC_value=
ac_cv_env_CFLAGS_set=
ac_cv_env_CFLAGS_value=
ac_cv_env_CPPFLAGS_set=
ac_cv_env_CPPFLAGS_value=
ac_cv_env_CPP_set=
ac_cv_env_CPP_value=
ac_cv_env_LDFLAGS_set=
ac_cv_env_LDFLAGS_value=
ac_cv_env_LIBS_set=
ac_cv_env_LIBS_value=
ac_cv_env_PACKAGE_CFLAGS_set=
ac_cv_env_PACKAGE_CFLAGS_value=
ac_cv_env_PACKAGE_LIBS_set=
ac_cv_env_PACKAGE_LIBS_value=
ac_cv_env_PKG_CONFIG_LIBDIR_set=
ac_cv_env_PKG_CONFIG_LIBDIR_value=
ac_cv_env_PKG_CONFIG_PATH_set=
ac_cv_env_PKG_CONFIG_PATH_value=
ac_cv_env_PKG_CONFIG_set=
ac_cv_env_PKG_CONFIG_value=
ac_cv_env_build_alias_set=
ac_cv_env_build_alias_value=
ac_cv_env_host_alias_set=
ac_cv_env_host_alias_value=
ac_cv_env_target_alias_set=
ac_cv_env_target_alias_value=
ac_cv_func_bind_textdomain_codeset=yes
ac_cv_func_dcgettext=yes
ac_cv_header_inttypes_h=yes
ac_cv_header_libintl_h=yes
ac_cv_header_locale_h=yes
ac_cv_header_memory_h=yes
ac_cv_header_stdc=yes
ac_cv_header_stdint_h=yes
ac_cv_header_stdlib_h=yes
ac_cv_header_string_h=yes
ac_cv_header_strings_h=yes
ac_cv_header_sys_stat_h=yes
ac_cv_header_sys_types_h=yes
ac_cv_header_unistd_h=yes
ac_cv_objext=o
ac_cv_path_EGREP='/bin/grep -E'
ac_cv_path_GMSGFMT=/usr/bin/msgfmt
ac_cv_path_GREP=/bin/grep
ac_cv_path_MSGFMT=/usr/bin/msgfmt
ac_cv_path_XGETTEXT=/usr/bin/xgettext
ac_cv_path_ac_pt_PKG_CONFIG=/usr/bin/pkg-config
ac_cv_path_install='/usr/bin/install -c'
ac_cv_path_mkdir=/bin/mkdir
ac_cv_prog_AWK=mawk
ac_cv_prog_CPP='gcc -E'
ac_cv_prog_ac_ct_CC=gcc
ac_cv_prog_cc_c89=
ac_cv_prog_cc_g=yes
ac_cv_prog_make_make_set=yes
ac_cv_search_strerror='none required'
am_cv_CC_dependencies_compiler_type=gcc3
am_cv_make_support_nested_variables=yes
am_cv_prog_cc_c_o=yes
am_cv_prog_cc_stdc=
am_cv_val_LC_MESSAGES=yes
gt_cv_func_CFLocaleCopyCurrent=no
gt_cv_func_CFPreferencesCopyAppValue=no
gt_cv_func_dgettext_libc=yes
gt_cv_func_dgettext_libintl=no
gt_cv_func_ngettext_libc=yes
gt_cv_have_gettext=yes
pkg_cv_PACKAGE_CFLAGS='-pthread -I/usr/include/gtk-2.0 -I/usr/lib/x86_64-linux-gnu/gtk-2.0/include -I/usr/include/gio-unix-2.0/ -I/usr/include/cairo -I/usr/include/pango-1.0 -I/usr/include/atk-1.0 -I/usr/include/cairo -I/usr/include/pixman-1 -I/usr/include/gdk-pixbuf-2.0 -I/usr/include/libpng16 -I/usr/include/pango-1.0 -I/usr/include/harfbuzz -I/usr/include/pango-1.0 -I/usr/include/glib-2.0 -I/usr/lib/x86_64-linux-gnu/glib-2.0/include -I/usr/include/freetype2 -I/usr/include/libpng16 -I/usr/include/freetype2 -I/usr/include/libpng16'
pkg_cv_PACKAGE_LIBS='-lgtk-x11-2.0 -lgdk-x11-2.0 -lpangocairo-1.0 -latk-1.0 -lcairo -lgdk_pixbuf-2.0 -lgio-2.0 -lpangoft2-1.0 -lpango-1.0 -lgobject-2.0 -lglib-2.0 -lfontconfig -lfreetype'

## ----------------- ##
## Output variables. ##
## ----------------- ##

ACLOCAL='${SHELL} "/home/naderjardak/Bureau/lllllast/last/glade (copie)/missing" aclocal-1.15'
AMDEPBACKSLASH='\'
AMDEP_FALSE='#'
AMDEP_TRUE=''
AMTAR='$${TAR-tar}'
AM_BACKSLASH='\'
AM_DEFAULT_V='$(AM_DEFAULT_VERBOSITY)'
AM_DEFAULT_VERBOSITY='1'
AM_V='$(V)'
AUTOCONF='${SHELL} "/home/naderjardak/Bureau/lllllast/last/glade (copie)/missing" autoconf'
AUTOHEADER='${SHELL} "/home/naderjardak/Bureau/lllllast/last/glade (copie)/missing" autoheader'
AUTOMAKE='${SHELL} "/home/naderjardak/Bureau/lllllast/last/glade (copie)/missing" automake-1.15'
AWK='mawk'
CATALOGS=''
CATOBJEXT='.gmo'
CC='gcc'
CCDEPMODE='depmode=gcc3'
CFLAGS='-g -O2'
CPP='gcc -E'
CPPFLAGS=''
CYGPATH_W='echo'
DATADIRNAME='share'
DEFS='-DHAVE_CONFIG_H'
DEPDIR='.deps'
ECHO_C=''
ECHO_N='-n'
ECHO_T=''
EGREP='/bin/grep -E'
EXEEXT=''
GETTEXT_PACKAGE='glade'
GMOFILES=''
GMSGFMT='/usr/bin/msgfmt'
GREP='/bin/grep'
INSTALL_DATA='${INSTALL} -m 644'
INSTALL_PROGRAM='${INSTALL}'
INSTALL_SCRIPT='${INSTALL}'
INSTALL_STRIP_PROGRAM='$(install_sh) -c -s'
INSTOBJEXT='.mo'
INTLLIBS=''
INTL_MACOSX_LIBS=''
LDFLAGS=''
LIBOBJS=''
LIBS=''
LTLIBOBJS=''
MAINT=''
MAINTAINER_MODE_FALSE='#'
MAINTAINER_MODE_TRUE=''
MAKEINFO='${SHELL} "/home/naderjardak/Bureau/lllllast/last/glade (copie)/missing" makeinfo'
MKDIR_P='/bin/mkdir -p'
MKINSTALLDIRS='./mkinstalldirs'
MSGFMT='/usr/bin/msgfmt'
MSGFMT_OPTS='-c'
OBJEXT='o'
PACKAGE='glade'
PACKAGE_BUGREPORT=''
PACKAGE_CFLAGS='-pthread -I/usr/include/gtk-2.0 -I/usr/lib/x86_64-linux-gnu/gtk-2.0/include -I/usr/include/gio-unix-2.0/ -I/usr/include/cairo -I/usr/include/pango-1.0 -I/usr/include/atk-1.0 -I/usr/include/cairo -I/usr/include/pixman-1 -I/usr/include/gdk-pixbuf-2.0 -I/usr/include/libpng16 -I/usr/include/pango-1.0 -I/usr/include/harfbuzz -I/usr/include/pango-1.0 -I/usr/include/glib-2.0 -I/usr/lib/x86_64-linux-gnu/glib-2.0/include -I/usr/include/freetype2 -I/usr/include/libpng16 -I/usr/include/freetype2 -I/usr/include/libpng16'
PACKAGE_LIBS='-lgtk-x11-2.0 -lgdk-x11-2.0 -lpangocairo-1.0 -latk-1.0 -lcairo -lgdk_pixbuf-2.0 -lgio-2.0 -lpangoft2-1.0 -lpango-1.0 -lgobject-2.0 -lglib-2.0 -lfontconfig -lfreetype'
PACKAGE_NAME=''
PACKAGE_STRING=''
PACKAGE_TARNAME=''
PACKAGE_URL=''
PACKAGE_VERSION=''
PATH_SEPARATOR=':'
PKG_CONFIG='/usr/bin/pkg-config'
PKG_CONFIG_LIBDIR=''
PKG_CONFIG_PATH=''
POFILES=''
POSUB='po'
PO_IN_DATADIR_FALSE=''
PO_IN_DATADIR_TRUE=''
SET_MAKE=''
SHELL='/bin/bash'
STRIP=''
USE_NLS='yes'
VERSION='0.1'
XGETTEXT='/usr/bin/xgettext'
ac_ct_CC='gcc'
am__EXEEXT_FALSE=''
am__EXEEXT_TRUE='#'
am__fastdepCC_FALSE='#'
am__fastdepCC_TRUE=''
am__include='include'
am__isrc=''
am__leading_dot='.'
am__nodep='_no'
am__quote=''
am__tar='$${TAR-tar} chof - "$$tardir"'
am__untar='$${TAR-tar} xf -'
bindir='${exec_prefix}/bin'
build_alias=''
datadir='${datarootdir}'
datarootdir='${prefix}/share'
docdir='${datarootdir}/doc/${PACKAGE}'
dvidir='${docdir}'
exec_prefix='${prefix}'
host_alias=''
htmldir='${docdir}'
includedir='${prefix}/include'
infodir='${datarootdir}/info'
install_sh='${SHELL} '\''/home/naderjardak/Bureau/lllllast/last/glade (copie)/install-sh'\'''
libdir='${exec_prefix}/lib'
libexecdir='${exec_prefix}/libexec'
localedir='${datarootdir}/locale'
localstatedir='${prefix}/var'
mandir='${datarootdir}/man'
mkdir_p='$(MKDIR_P)'
oldincludedir='/usr/include'
pdfdir='${docdir}'
prefix='/usr/local'
program_transform_name='s,x,x,'
psdir='${docdir}'
runstatedir='${localstatedir}/run'
sbindir='${exec_prefix}/sbin'
sharedstatedir='${prefix}/com'
sysconfdir='${prefix}/etc'
target_alias=''

## ----------- ##
## confdefs.h. ##
## ----------- ##

/* confdefs.h */
#define PACKAGE_NAME ""
#define PACKAGE_TARNAME ""
#define PACKAGE_VERSION ""
#define PACKAGE_STRING ""
#define PACKAGE_BUGREPORT ""
#define PACKAGE_URL ""
#define PACKAGE "glade"
#define VERSION "0.1"
#define STDC_HEADERS 1
#define GETTEXT_PACKAGE "glade"
#define HAVE_SYS_TYPES_H 1
#define HAVE_SYS_STAT_H 1
#define HAVE_STDLIB_H 1
#define HAVE_STRING_H 1
#define HAVE_MEMORY_H 1
#define HAVE_STRINGS_H 1
#define HAVE_INTTYPES_H 1
#define HAVE_STDINT_H 1
#define HAVE_UNISTD_H 1
#define HAVE_LOCALE_H 1
#define HAVE_LC_MESSAGES 1
#define HAVE_BIND_TEXTDOMAIN_CODESET 1
#define HAVE_GETTEXT 1
#define HAVE_DCGETTEXT 1
#define ENABLE_NLS 1

configure: exit 0
